2025-11-16 23:27 - ERROR    - User:SYSTEM - Exception on /api/v1/login [POST]
Traceback (most recent call last):
  File "/home/muregzz/development/lilysplace_backend/app/user/login.py", line 19, in login
    if user and user.check_password(password):
                ^^^^^^^^^^^^^^^^^^^
AttributeError: 'Query' object has no attribute 'check_password'

During handling of the above exception, another exception occurred:

Traceback (most recent call last):
  File "/home/muregzz/development/lilysplace_backend/env/lib/python3.13/site-packages/flask/app.py", line 1511, in wsgi_app
    response = self.full_dispatch_request()
  File "/home/muregzz/development/lilysplace_backend/env/lib/python3.13/site-packages/flask/app.py", line 919, in full_dispatch_request
    rv = self.handle_user_exception(e)
  File "/home/muregzz/development/lilysplace_backend/env/lib/python3.13/site-packages/flask_cors/extension.py", line 176, in wrapped_function
    return cors_after_request(app.make_response(f(*args, **kwargs)))
                                                ~^^^^^^^^^^^^^^^^^
  File "/home/muregzz/development/lilysplace_backend/env/lib/python3.13/site-packages/flask/app.py", line 917, in full_dispatch_request
    rv = self.dispatch_request()
  File "/home/muregzz/development/lilysplace_backend/env/lib/python3.13/site-packages/flask/app.py", line 902, in dispatch_request
    return self.ensure_sync(self.view_functions[rule.endpoint])(**view_args)  # type: ignore[no-any-return]
           ~~~~~~~~~~~~~~~~~~~~~~~~~~~~~~~~~~~~~~~~~~~~~~~~~~~~^^^^^^^^^^^^^
  File "/home/muregzz/development/lilysplace_backend/app/user/login.py", line 37, in login
    logger.error(f"an error occurred during login: {str(e)}", extra={'user_id': get_jwt_identity()})
                                                                                ~~~~~~~~~~~~~~~~^^
  File "/home/muregzz/development/lilysplace_backend/env/lib/python3.13/site-packages/flask_jwt_extended/utils.py", line 63, in get_jwt_identity
    return get_jwt().get(config.identity_claim_key, None)
           ~~~~~~~^^
  File "/home/muregzz/development/lilysplace_backend/env/lib/python3.13/site-packages/flask_jwt_extended/utils.py", line 29, in get_jwt
    raise RuntimeError(
    ...<2 lines>...
    )
RuntimeError: You must call `@jwt_required()` or `verify_jwt_in_request()` before using this method
2025-11-16 23:28 - ERROR    - User:SYSTEM - an error occurred during login: 'Query' object has no attribute 'check_password'
